<?xml version="1.0" encoding="UTF-8"?>
<!-- Generated by org.testng.reporters.JUnitReportReporter -->
<testsuite hostname="igalreiblat-new" name="com.experitest.auto.IOSDemoTest" tests="1" failures="0" timestamp="26 Dec 2017 11:13:40 GMT" time="23.520" errors="0">
  <testcase name="test" time="23.520" classname="com.experitest.auto.IOSDemoTest"/>
</testsuite> <!-- com.experitest.auto.IOSDemoTest -->
