<?xml version="1.0" encoding="UTF-8"?>
<!-- Generated by org.testng.reporters.JUnitReportReporter -->
<testsuite hostname="igalreiblat-new" name="com.experitest.auto.AndroidDemoTest" tests="1" failures="0" timestamp="26 Dec 2017 11:13:40 GMT" time="24.203" errors="0">
  <testcase name="test" time="24.203" classname="com.experitest.auto.AndroidDemoTest"/>
</testsuite> <!-- com.experitest.auto.AndroidDemoTest -->
